<?xml version="1.0" encoding="UTF-8"?>
<!-- Generated by org.testng.reporters.JUnitXMLReporter -->
<testsuite ignored="2" hostname="DESKTOP-EVVDP1U" failures="3" tests="3" name="edge" time="35.181" errors="0" timestamp="2023-03-15T18:23:16 IST">
  <testcase classname="testPackage.TestClassNG" name="test1" time="3.632">
    <failure type="java.lang.AssertionError" message="null">
      <![CDATA[java.lang.AssertionError: null
at testPackage.TestClassNG.test1(TestClassNG.java:72)
at java.base/java.util.ArrayList.forEach(ArrayList.java:1511)
... Removed 27 stack frames]]>
    </failure>
  </testcase> <!-- test1 -->
  <testcase classname="testPackage.TestClassNG" name="test2" time="0.002">
    <failure type="java.lang.NullPointerException" message="Cannot invoke &amp;quot;pomPackage.HomePage.adminClick()&amp;quot; because &amp;quot;this.hmP&amp;quot; is null">
      <![CDATA[java.lang.NullPointerException: Cannot invoke "pomPackage.HomePage.adminClick()" because "this.hmP" is null
at testPackage.TestClassNG.test2(TestClassNG.java:79)
at java.base/java.util.ArrayList.forEach(ArrayList.java:1511)
... Removed 25 stack frames]]>
    </failure>
  </testcase> <!-- test2 -->
  <testcase classname="testPackage.TestClassNG" name="test3" time="0.006">
    <failure type="java.lang.NullPointerException" message="Cannot invoke &amp;quot;pomPackage.AdminPage.UseManClick()&amp;quot; because &amp;quot;this.adminP1&amp;quot; is null">
      <![CDATA[java.lang.NullPointerException: Cannot invoke "pomPackage.AdminPage.UseManClick()" because "this.adminP1" is null
at testPackage.TestClassNG.test3(TestClassNG.java:90)
at java.base/java.util.ArrayList.forEach(ArrayList.java:1511)
... Removed 25 stack frames]]>
    </failure>
  </testcase> <!-- test3 -->
  <testcase classname="testPackage.BaseClass" name="@AfterTest afterTest" time="0.0">
    <ignored/>
  </testcase> <!-- @AfterTest afterTest -->
  <testcase classname="testPackage.BaseClass" name="@BeforeTest beforeTest" time="0.0">
    <ignored/>
  </testcase> <!-- @BeforeTest beforeTest -->
</testsuite> <!-- edge -->
