<?xml version="1.0" encoding="UTF-8"?>
<!-- Generated by org.testng.reporters.JUnitXMLReporter -->
<testsuite ignored="2" hostname="DESKTOP-EVVDP1U" failures="0" tests="2" name="Test" time="0.111" errors="0" timestamp="2023-03-13T12:20:27 IST">
  <testcase classname="testPackage.BaseClass" name="@BeforeTest beforeTest" time="-1.678690227193E9">
    <failure type="org.testng.TestNGException" message="
Can inject only one of &amp;lt;ITestContext, XmlTest&amp;gt; into a @BeforeTest annotated beforeTest.
For more information on native dependency injection please refer to https://testng.org/doc/documentation-main.html#native-dependency-injection">
      <![CDATA[org.testng.TestNGException: 
Can inject only one of <ITestContext, XmlTest> into a @BeforeTest annotated beforeTest.
For more information on native dependency injection please refer to https://testng.org/doc/documentation-main.html#native-dependency-injection
... Removed 21 stack frames]]>
    </failure>
  </testcase> <!-- @BeforeTest beforeTest -->
  <testcase classname="testPackage.TestClassNG" name="@BeforeClass beforeClass" time="-1.678690227231E9">
    <skipped/>
  </testcase> <!-- @BeforeClass beforeClass -->
  <testcase classname="testPackage.TestClassNG" name="@BeforeMethod beforeMethod" time="-1.678690227264E9">
    <skipped/>
  </testcase> <!-- @BeforeMethod beforeMethod -->
  <testcase classname="testPackage.TestClassNG" name="@AfterMethod afterMethod" time="-1.678690227275E9">
    <skipped/>
  </testcase> <!-- @AfterMethod afterMethod -->
  <testcase classname="testPackage.TestClassNG" name="@BeforeMethod beforeMethod" time="-1.678690227278E9">
    <skipped/>
  </testcase> <!-- @BeforeMethod beforeMethod -->
  <testcase classname="testPackage.TestClassNG" name="@AfterMethod afterMethod" time="-1.678690227284E9">
    <skipped/>
  </testcase> <!-- @AfterMethod afterMethod -->
  <testcase classname="testPackage.TestClassNG" name="@AfterClass afterClass" time="-1.678690227287E9">
    <skipped/>
  </testcase> <!-- @AfterClass afterClass -->
  <testcase classname="testPackage.BaseClass" name="@AfterTest afterTest" time="-1.678690227293E9">
    <skipped/>
  </testcase> <!-- @AfterTest afterTest -->
  <testcase classname="testPackage.TestClassNG" name="test1" time="0.0">
    <skipped/>
  </testcase> <!-- test1 -->
  <testcase classname="testPackage.TestClassNG" name="test2" time="0.0">
    <skipped/>
  </testcase> <!-- test2 -->
  <testcase classname="testPackage.BaseClass" name="@AfterTest afterTest" time="0.0">
    <ignored/>
  </testcase> <!-- @AfterTest afterTest -->
  <testcase classname="testPackage.BaseClass" name="@BeforeTest beforeTest" time="0.0">
    <ignored/>
  </testcase> <!-- @BeforeTest beforeTest -->
</testsuite> <!-- Test -->
